<?xml version="1.0" encoding="UTF-8"?>
<robot generator="Robot 4.1.1 (Python 3.8.10 on linux)" generated="20211016 10:12:28.579" rpa="true" schemaversion="2">
<suite id="s1" name="Tasks" source="/home/chris/workspace/dev/rpa/example-robotsparebin-starter-main/tasks.robot">
<test id="s1-t1" name="Insert the sales data for the week and export it as a PDF">
<kw name="Open The Intranet Website">
<kw name="Open Available Browser" library="RPA.Browser.Selenium">
<arg>https://robotsparebinindustries.com/</arg>
<doc>Attempts to open a browser on the user's device from a set of
supported browsers. Automatically downloads a corresponding webdriver
if none is already installed.</doc>
<msg timestamp="20211016 10:12:28.789" level="INFO">Creating an instance of the Chrome WebDriver.</msg>
<msg timestamp="20211016 10:12:30.061" level="INFO">Created Chrome browser with arguments: --disable-dev-shm-usage --disable-web-security --allow-running-insecure-content --no-sandbox</msg>
<msg timestamp="20211016 10:12:30.061" level="INFO" html="true">&lt;p&gt;Attempted combinations:&lt;/p&gt;&lt;div class="doc"&gt;&lt;table&gt;&lt;tr&gt;&lt;th&gt;Browser&lt;/th&gt;&lt;th&gt;Download&lt;/th&gt;&lt;th&gt;Error&lt;/th&gt;&lt;/tr&gt;&lt;tr&gt;&lt;td&gt;Chrome&lt;/td&gt;&lt;td&gt;False&lt;/td&gt;&lt;td&gt;&lt;/td&gt;&lt;/tr&gt;&lt;/table&gt;&lt;/div&gt;</msg>
<msg timestamp="20211016 10:12:30.061" level="INFO">Opening url 'https://robotsparebinindustries.com/'</msg>
<status status="PASS" starttime="20211016 10:12:28.789" endtime="20211016 10:12:35.585"/>
</kw>
<status status="PASS" starttime="20211016 10:12:28.788" endtime="20211016 10:12:35.586"/>
</kw>
<status status="PASS" starttime="20211016 10:12:28.788" endtime="20211016 10:12:35.587"/>
</test>
<doc>Starter robot for the Beginners' course.</doc>
<status status="PASS" starttime="20211016 10:12:28.579" endtime="20211016 10:12:35.590"/>
</suite>
<statistics>
<total>
<stat pass="1" fail="0" skip="0">All Tasks</stat>
</total>
<tag>
</tag>
<suite>
<stat pass="1" fail="0" skip="0" id="s1" name="Tasks">Tasks</stat>
</suite>
</statistics>
<errors>
</errors>
</robot>
